<?xml version="1.0" encoding="UTF-8"?>
<!-- Generated by org.testng.reporters.JUnitXMLReporter -->
<testsuite hostname="LAPTOP-7ARM5SF0" ignored="0" name="Test" tests="4" failures="0" timestamp="2021-12-23T11:39:34 IST" time="23.443" errors="0">
  <testcase name="verifyFirstBookTitle" time="0.048" classname="com.atipune.pomdemo.tests.HomePageTests"/>
  <testcase name="verifyHomePageTitle" time="0.007" classname="com.atipune.pomdemo.tests.HomePageTests"/>
  <testcase name="verifyNewArrivalsDisplayed" time="0.422" classname="com.atipune.pomdemo.tests.HomePageTests"/>
  <testcase name="verifyNewArrivalsEnabled" time="0.023" classname="com.atipune.pomdemo.tests.HomePageTests"/>
</testsuite> <!-- Test -->
