<?xml version="1.0" encoding="UTF-8"?>
<testsuite xmlns:xsi="http://www.w3.org/2001/XMLSchema-instance" xsi:noNamespaceSchemaLocation="https://maven.apache.org/surefire/maven-surefire-plugin/xsd/surefire-test-report-3.0.xsd" version="3.0" name="TestSuite" time="26.843" tests="4" errors="0" skipped="0" failures="0">
  <properties>
[...]
</properties>
  <testcase name="verifyFirstBookTitle" classname="com.atipune.pomdemo.tests.HomePageTests" time="0.032">
    <system-err><![CDATA[Starting ChromeDriver 95.0.4638.69 (6a1600ed572fedecd573b6c2b90a22fe6392a410-refs/branch-heads/4638@{#984}) on port 34627
Only local connections are allowed.
Please see https://chromedriver.chromium.org/security-considerations for suggestions on keeping ChromeDriver safe.
ChromeDriver was started successfully.
[1640239760.800][WARNING]: This version of ChromeDriver has not been tested with Chrome version 96.
Dec 23, 2021 11:39:21 AM org.openqa.selenium.remote.ProtocolHandshake createSession
INFO: Detected dialect: W3C
]]></system-err>
  </testcase>
  <testcase name="verifyHomePageTitle" classname="com.atipune.pomdemo.tests.HomePageTests" time="0.006"/>
  <testcase name="verifyNewArrivalsDisplayed" classname="com.atipune.pomdemo.tests.HomePageTests" time="0.421"/>
  <testcase name="verifyNewArrivalsEnabled" classname="com.atipune.pomdemo.tests.HomePageTests" time="0.024"/>
</testsuite>